  OS06_01.cpp
D:\University\1sem\ОС\OS06_01\OS06_01\OS06_01.cpp(13,5): error C4235: использовано нестандартное расширение: ключевое слово "__asm" данной архитектурой не поддерживается
D:\University\1sem\ОС\OS06_01\OS06_01\OS06_01.cpp(15,9): error C2065: bts: необъявленный идентификатор
D:\University\1sem\ОС\OS06_01\OS06_01\OS06_01.cpp(15,13): error C2146: синтаксическая ошибка: отсутствие ";" перед идентификатором "sync_flag"
D:\University\1sem\ОС\OS06_01\OS06_01\OS06_01.cpp(15,27): error C2065: Проверить: необъявленный идентификатор
D:\University\1sem\ОС\OS06_01\OS06_01\OS06_01.cpp(15,46): error C2146: синтаксическая ошибка: отсутствие ";" перед идентификатором "и"
D:\University\1sem\ОС\OS06_01\OS06_01\OS06_01.cpp(15,46): error C2065: и: необъявленный идентификатор
D:\University\1sem\ОС\OS06_01\OS06_01\OS06_01.cpp(15,49): error C2146: синтаксическая ошибка: отсутствие ";" перед идентификатором "установить"
D:\University\1sem\ОС\OS06_01\OS06_01\OS06_01.cpp(15,49): error C2065: установить: необъявленный идентификатор
D:\University\1sem\ОС\OS06_01\OS06_01\OS06_01.cpp(15,70): error C2146: синтаксическая ошибка: отсутствие ";" перед идентификатором "бит"
D:\University\1sem\ОС\OS06_01\OS06_01\OS06_01.cpp(15,70): error C2065: бит: необъявленный идентификатор
D:\University\1sem\ОС\OS06_01\OS06_01\OS06_01.cpp(15,77): error C2143: синтаксическая ошибка: отсутствие ";" перед "константа"
D:\University\1sem\ОС\OS06_01\OS06_01\OS06_01.cpp(16,13): error C2146: синтаксическая ошибка: отсутствие ";" перед идентификатором "jc"
D:\University\1sem\ОС\OS06_01\OS06_01\OS06_01.cpp(16,13): error C2065: jc: необъявленный идентификатор
D:\University\1sem\ОС\OS06_01\OS06_01\OS06_01.cpp(16,16): error C2146: синтаксическая ошибка: отсутствие ";" перед идентификатором "WaitLoop1"
D:\University\1sem\ОС\OS06_01\OS06_01\OS06_01.cpp(16,16): error C2065: WaitLoop1: необъявленный идентификатор
D:\University\1sem\ОС\OS06_01\OS06_01\OS06_01.cpp(16,27): error C2065: Если: необъявленный идентификатор
D:\University\1sem\ОС\OS06_01\OS06_01\OS06_01.cpp(16,36): error C2146: синтаксическая ошибка: отсутствие ";" перед идентификатором "бит"
D:\University\1sem\ОС\OS06_01\OS06_01\OS06_01.cpp(16,36): error C2065: бит: необъявленный идентификатор
D:\University\1sem\ОС\OS06_01\OS06_01\OS06_01.cpp(16,43): error C2146: синтаксическая ошибка: отсутствие ";" перед идентификатором "уже"
D:\University\1sem\ОС\OS06_01\OS06_01\OS06_01.cpp(16,43): error C2065: уже: необъявленный идентификатор
D:\University\1sem\ОС\OS06_01\OS06_01\OS06_01.cpp(16,50): error C2146: синтаксическая ошибка: отсутствие ";" перед идентификатором "был"
D:\University\1sem\ОС\OS06_01\OS06_01\OS06_01.cpp(16,50): error C2065: был: необъявленный идентификатор
D:\University\1sem\ОС\OS06_01\OS06_01\OS06_01.cpp(16,57): error C2146: синтаксическая ошибка: отсутствие ";" перед идентификатором "установлен"
D:\University\1sem\ОС\OS06_01\OS06_01\OS06_01.cpp(16,57): error C2065: установлен: необъявленный идентификатор
D:\University\1sem\ОС\OS06_01\OS06_01\OS06_01.cpp(16,79): error C2065: продолжить: необъявленный идентификатор
D:\University\1sem\ОС\OS06_01\OS06_01\OS06_01.cpp(16,100): error C2146: синтаксическая ошибка: отсутствие ";" перед идентификатором "ожидание"
D:\University\1sem\ОС\OS06_01\OS06_01\OS06_01.cpp(16,100): error C2065: ожидание: необъявленный идентификатор
D:\University\1sem\ОС\OS06_01\OS06_01\OS06_01.cpp(17,5): error C2143: синтаксическая ошибка: отсутствие ";" перед "}"
D:\University\1sem\ОС\OS06_01\OS06_01\OS06_01.cpp(23,5): error C4235: использовано нестандартное расширение: ключевое слово "__asm" данной архитектурой не поддерживается
D:\University\1sem\ОС\OS06_01\OS06_01\OS06_01.cpp(24,9): error C2065: btr: необъявленный идентификатор
D:\University\1sem\ОС\OS06_01\OS06_01\OS06_01.cpp(24,13): error C2146: синтаксическая ошибка: отсутствие ";" перед идентификатором "sync_flag"
D:\University\1sem\ОС\OS06_01\OS06_01\OS06_01.cpp(24,27): error C2065: Сбросить: необъявленный идентификатор
D:\University\1sem\ОС\OS06_01\OS06_01\OS06_01.cpp(24,44): error C2146: синтаксическая ошибка: отсутствие ";" перед идентификатором "бит"
D:\University\1sem\ОС\OS06_01\OS06_01\OS06_01.cpp(24,44): error C2065: бит: необъявленный идентификатор
D:\University\1sem\ОС\OS06_01\OS06_01\OS06_01.cpp(24,51): error C2143: синтаксическая ошибка: отсутствие ";" перед "константа"
D:\University\1sem\ОС\OS06_01\OS06_01\OS06_01.cpp(25,5): error C2143: синтаксическая ошибка: отсутствие ";" перед "}"
D:\University\1sem\ОС\OS06_01\OS06_01\OS06_01.cpp(34,5): error C4235: использовано нестандартное расширение: ключевое слово "__asm" данной архитектурой не поддерживается
D:\University\1sem\ОС\OS06_01\OS06_01\OS06_01.cpp(36,9): error C2065: bts: необъявленный идентификатор
D:\University\1sem\ОС\OS06_01\OS06_01\OS06_01.cpp(36,13): error C2146: синтаксическая ошибка: отсутствие ";" перед идентификатором "sync_flag"
D:\University\1sem\ОС\OS06_01\OS06_01\OS06_01.cpp(36,27): error C2065: Проверить: необъявленный идентификатор
D:\University\1sem\ОС\OS06_01\OS06_01\OS06_01.cpp(36,46): error C2146: синтаксическая ошибка: отсутствие ";" перед идентификатором "и"
D:\University\1sem\ОС\OS06_01\OS06_01\OS06_01.cpp(36,46): error C2065: и: необъявленный идентификатор
D:\University\1sem\ОС\OS06_01\OS06_01\OS06_01.cpp(36,49): error C2146: синтаксическая ошибка: отсутствие ";" перед идентификатором "установить"
D:\University\1sem\ОС\OS06_01\OS06_01\OS06_01.cpp(36,49): error C2065: установить: необъявленный идентификатор
D:\University\1sem\ОС\OS06_01\OS06_01\OS06_01.cpp(36,70): error C2146: синтаксическая ошибка: отсутствие ";" перед идентификатором "бит"
D:\University\1sem\ОС\OS06_01\OS06_01\OS06_01.cpp(36,70): error C2065: бит: необъявленный идентификатор
D:\University\1sem\ОС\OS06_01\OS06_01\OS06_01.cpp(36,77): error C2143: синтаксическая ошибка: отсутствие ";" перед "константа"
D:\University\1sem\ОС\OS06_01\OS06_01\OS06_01.cpp(37,13): error C2146: синтаксическая ошибка: отсутствие ";" перед идентификатором "jc"
D:\University\1sem\ОС\OS06_01\OS06_01\OS06_01.cpp(37,13): error C2065: jc: необъявленный идентификатор
D:\University\1sem\ОС\OS06_01\OS06_01\OS06_01.cpp(37,16): error C2146: синтаксическая ошибка: отсутствие ";" перед идентификатором "WaitLoop2"
D:\University\1sem\ОС\OS06_01\OS06_01\OS06_01.cpp(37,16): error C2065: WaitLoop2: необъявленный идентификатор
D:\University\1sem\ОС\OS06_01\OS06_01\OS06_01.cpp(37,27): error C2065: Если: необъявленный идентификатор
D:\University\1sem\ОС\OS06_01\OS06_01\OS06_01.cpp(37,36): error C2146: синтаксическая ошибка: отсутствие ";" перед идентификатором "бит"
D:\University\1sem\ОС\OS06_01\OS06_01\OS06_01.cpp(37,36): error C2065: бит: необъявленный идентификатор
D:\University\1sem\ОС\OS06_01\OS06_01\OS06_01.cpp(37,43): error C2146: синтаксическая ошибка: отсутствие ";" перед идентификатором "уже"
D:\University\1sem\ОС\OS06_01\OS06_01\OS06_01.cpp(37,43): error C2065: уже: необъявленный идентификатор
D:\University\1sem\ОС\OS06_01\OS06_01\OS06_01.cpp(37,50): error C2146: синтаксическая ошибка: отсутствие ";" перед идентификатором "был"
D:\University\1sem\ОС\OS06_01\OS06_01\OS06_01.cpp(37,50): error C2065: был: необъявленный идентификатор
D:\University\1sem\ОС\OS06_01\OS06_01\OS06_01.cpp(37,57): error C2146: синтаксическая ошибка: отсутствие ";" перед идентификатором "установлен"
D:\University\1sem\ОС\OS06_01\OS06_01\OS06_01.cpp(37,57): error C2065: установлен: необъявленный идентификатор
D:\University\1sem\ОС\OS06_01\OS06_01\OS06_01.cpp(37,79): error C2065: продолжить: необъявленный идентификатор
D:\University\1sem\ОС\OS06_01\OS06_01\OS06_01.cpp(37,100): error C2146: синтаксическая ошибка: отсутствие ";" перед идентификатором "ожидание"
D:\University\1sem\ОС\OS06_01\OS06_01\OS06_01.cpp(37,100): error C2065: ожидание: необъявленный идентификатор
D:\University\1sem\ОС\OS06_01\OS06_01\OS06_01.cpp(38,5): error C2143: синтаксическая ошибка: отсутствие ";" перед "}"
D:\University\1sem\ОС\OS06_01\OS06_01\OS06_01.cpp(44,5): error C4235: использовано нестандартное расширение: ключевое слово "__asm" данной архитектурой не поддерживается
D:\University\1sem\ОС\OS06_01\OS06_01\OS06_01.cpp(45,9): error C2065: btr: необъявленный идентификатор
D:\University\1sem\ОС\OS06_01\OS06_01\OS06_01.cpp(45,13): error C2146: синтаксическая ошибка: отсутствие ";" перед идентификатором "sync_flag"
D:\University\1sem\ОС\OS06_01\OS06_01\OS06_01.cpp(45,27): error C2065: Сбросить: необъявленный идентификатор
D:\University\1sem\ОС\OS06_01\OS06_01\OS06_01.cpp(45,44): error C2146: синтаксическая ошибка: отсутствие ";" перед идентификатором "бит"
D:\University\1sem\ОС\OS06_01\OS06_01\OS06_01.cpp(45,44): error C2065: бит: необъявленный идентификатор
D:\University\1sem\ОС\OS06_01\OS06_01\OS06_01.cpp(45,51): error C2143: синтаксическая ошибка: отсутствие ";" перед "константа"
D:\University\1sem\ОС\OS06_01\OS06_01\OS06_01.cpp(46,5): error C2143: синтаксическая ошибка: отсутствие ";" перед "}"
